<?xml version="1.0" encoding="UTF-8"?>
<testsuite xmlns:xsi="http://www.w3.org/2001/XMLSchema-instance" xsi:noNamespaceSchemaLocation="https://maven.apache.org/surefire/maven-surefire-plugin/xsd/surefire-test-report.xsd" name="io.secure.appengine.HelloAppEngineTest" time="0.26" tests="2" errors="0" skipped="0" failures="0">
  <properties>
[...]
</properties>
  <testcase name="helloInfoTest" classname="io.secure.appengine.HelloAppEngineTest" time="0.169"/>
  <testcase name="doGetWritesResponse" classname="io.secure.appengine.HelloAppEngineTest" time="0.005"/>
</testsuite>